nativetemplates1/build/intermediates/manifest_merge_blame_file/debug/manifest-merger-blame-debug-report.txt
1<?xml version="1.0" encoding="utf-8"?>
2<manifest xmlns:android="http://schemas.android.com/apk/res/android"
3    package="com.google.android.ads.nativetemplates" >
4
5    <uses-sdk android:minSdkVersion="16" />
5-->src/main/AndroidManifest.xml
6
7    <application android:supportsRtl="true" >
7-->src/main/AndroidManifest.xml:3:3-8:17
7-->src/main/AndroidManifest.xml:3:16-42
8        <meta-data
8-->src/main/AndroidManifest.xml:5:7-7:55
9            android:name="preloaded_fonts"
9-->src/main/AndroidManifest.xml:6:11-41
10            android:resource="@array/preloaded_fonts" />
10-->src/main/AndroidManifest.xml:7:11-52
11    </application>
12
13</manifest>